{"uuid":"1fe58b0e-48db-4136-be83-0429709e39dd","historyId":"d0b9b0d31ff8f337d4c7cf1ba7d92525","fullName":"tests.LoginTest.testePiloto","labels":[{"name":"package","value":"tests.LoginTest"},{"name":"testClass","value":"tests.LoginTest"},{"name":"testMethod","value":"testePiloto"},{"name":"parentSuite","value":"Default Suite"},{"name":"suite","value":"TestNGTest-7755bfd6-2675-4d78-a036-bc83e83f1d67"},{"name":"subSuite","value":"tests.LoginTest"},{"name":"host","value":"NovaisGomes"},{"name":"thread","value":"64268@NovaisGomes.main(1)"},{"name":"framework","value":"testng"},{"name":"language","value":"java"}],"links":[],"name":"testePiloto","status":"skipped","statusDetails":{"known":false,"muted":false,"flaky":false,"message":"java.lang.ExceptionInInitializerError","trace":"java.lang.ExceptionInInitializerError\n\tat base.BaseTest.setUp(BaseTest.java:19)\n\tat java.base/jdk.internal.reflect.DirectMethodHandleAccessor.invoke(Unknown Source)\n\tat java.base/java.lang.reflect.Method.invoke(Unknown Source)\n\tat org.testng.internal.invokers.MethodInvocationHelper.invokeMethod(MethodInvocationHelper.java:136)\n\tat org.testng.internal.invokers.MethodInvocationHelper.invokeMethodConsideringTimeout(MethodInvocationHelper.java:65)\n\tat org.testng.internal.invokers.ConfigInvoker.invokeConfigurationMethod(ConfigInvoker.java:381)\n\tat org.testng.internal.invokers.ConfigInvoker.invokeConfigurations(ConfigInvoker.java:319)\n\tat org.testng.internal.invokers.TestInvoker.runConfigMethods(TestInvoker.java:781)\n\tat org.testng.internal.invokers.TestInvoker.invokeMethod(TestInvoker.java:574)\n\tat org.testng.internal.invokers.TestInvoker.invokeTestMethod(TestInvoker.java:219)\n\tat org.testng.internal.invokers.MethodRunner.runInSequence(MethodRunner.java:50)\n\tat org.testng.internal.invokers.TestInvoker$MethodInvocationAgent.invoke(TestInvoker.java:923)\n\tat org.testng.internal.invokers.TestInvoker.invokeTestMethods(TestInvoker.java:192)\n\tat org.testng.internal.invokers.TestMethodWorker.invokeTestMethods(TestMethodWorker.java:146)\n\tat org.testng.internal.invokers.TestMethodWorker.run(TestMethodWorker.java:128)\n\tat java.base/java.util.ArrayList.forEach(Unknown Source)\n\tat org.testng.TestRunner.privateRun(TestRunner.java:808)\n\tat org.testng.TestRunner.run(TestRunner.java:603)\n\tat org.testng.SuiteRunner.runTest(SuiteRunner.java:429)\n\tat org.testng.SuiteRunner.runSequentially(SuiteRunner.java:423)\n\tat org.testng.SuiteRunner.privateRun(SuiteRunner.java:383)\n\tat org.testng.SuiteRunner.run(SuiteRunner.java:326)\n\tat org.testng.SuiteRunnerWorker.runSuite(SuiteRunnerWorker.java:52)\n\tat org.testng.SuiteRunnerWorker.run(SuiteRunnerWorker.java:95)\n\tat org.testng.TestNG.runSuitesSequentially(TestNG.java:1249)\n\tat org.testng.TestNG.runSuitesLocally(TestNG.java:1169)\n\tat org.testng.TestNG.runSuites(TestNG.java:1092)\n\tat org.testng.TestNG.run(TestNG.java:1060)\n\tat com.microsoft.java.test.runner.testng.TestNGRunner.run(TestNGRunner.java:45)\n\tat com.microsoft.java.test.runner.testng.TestNGLauncher.execute(TestNGLauncher.java:32)\n\tat com.microsoft.java.test.runner.Launcher.main(Launcher.java:57)\nCaused by: io.github.cdimascio.dotenv.DotenvException: Could not find /.env on the classpath\n\tat io.github.cdimascio.dotenv.internal.ClasspathHelper.loadFileFromClasspath(ClasspathHelper.java:25)\n\tat io.github.cdimascio.dotenv.internal.DotenvReader.read(DotenvReader.java:55)\n\tat io.github.cdimascio.dotenv.internal.DotenvParser.lines(DotenvParser.java:87)\n\tat io.github.cdimascio.dotenv.internal.DotenvParser.parse(DotenvParser.java:60)\n\tat io.github.cdimascio.dotenv.DotenvBuilder.load(DotenvBuilder.java:76)\n\tat io.github.cdimascio.dotenv.Dotenv.load(Dotenv.java:38)\n\tat utils.Config.<clinit>(Config.java:6)\n\t... 31 more\n\tSuppressed: io.github.cdimascio.dotenv.DotenvException: Could not find ./.env on the file system (working directory: /home/thiago/√Årea de Trabalho/develop/automation-java-selenium/app)\n\t\tat io.github.cdimascio.dotenv.internal.DotenvReader.read(DotenvReader.java:60)\n\t\t... 36 more\n"},"stage":"finished","steps":[],"attachments":[],"parameters":[],"start":1748370661009,"stop":1748370661010}